Determining if the pthread_create exist failed with the following output:
Change Dir: /home/robotvision/code/patrollingrobot_kobe/lcm2ros/pod-build/CMakeFiles/CMakeTmp

Run Build Command:/usr/bin/make "cmTryCompileExec2602633575/fast"
make[2]: Entering directory `/home/robotvision/code/patrollingrobot_kobe/lcm2ros/pod-build/CMakeFiles/CMakeTmp'
/usr/bin/make -f CMakeFiles/cmTryCompileExec2602633575.dir/build.make CMakeFiles/cmTryCompileExec2602633575.dir/build
make[3]: Entering directory `/home/robotvision/code/patrollingrobot_kobe/lcm2ros/pod-build/CMakeFiles/CMakeTmp'
/usr/bin/cmake -E cmake_progress_report /home/robotvision/code/patrollingrobot_kobe/lcm2ros/pod-build/CMakeFiles/CMakeTmp/CMakeFiles 1
Building C object CMakeFiles/cmTryCompileExec2602633575.dir/CheckSymbolExists.c.o
/usr/bin/cc    -o CMakeFiles/cmTryCompileExec2602633575.dir/CheckSymbolExists.c.o   -c /home/robotvision/code/patrollingrobot_kobe/lcm2ros/pod-build/CMakeFiles/CMakeTmp/CheckSymbolExists.c
Linking C executable cmTryCompileExec2602633575
/usr/bin/cmake -E cmake_link_script CMakeFiles/cmTryCompileExec2602633575.dir/link.txt --verbose=1
/usr/bin/cc       CMakeFiles/cmTryCompileExec2602633575.dir/CheckSymbolExists.c.o  -o cmTryCompileExec2602633575 -rdynamic 
CMakeFiles/cmTryCompileExec2602633575.dir/CheckSymbolExists.c.o: In function `main':
CheckSymbolExists.c:(.text+0x16): undefined reference to `pthread_create'
collect2: error: ld returned 1 exit status
make[3]: Leaving directory `/home/robotvision/code/patrollingrobot_kobe/lcm2ros/pod-build/CMakeFiles/CMakeTmp'
make[3]: *** [cmTryCompileExec2602633575] Error 1
make[2]: Leaving directory `/home/robotvision/code/patrollingrobot_kobe/lcm2ros/pod-build/CMakeFiles/CMakeTmp'
make[2]: *** [cmTryCompileExec2602633575/fast] Error 2

File /home/robotvision/code/patrollingrobot_kobe/lcm2ros/pod-build/CMakeFiles/CMakeTmp/CheckSymbolExists.c:
/* */
#include <pthread.h>

int main(int argc, char** argv)
{
  (void)argv;
#ifndef pthread_create
  return ((int*)(&pthread_create))[argc];
#else
  (void)argc;
  return 0;
#endif
}

Determining if the function pthread_create exists in the pthreads failed with the following output:
Change Dir: /home/robotvision/code/patrollingrobot_kobe/lcm2ros/pod-build/CMakeFiles/CMakeTmp

Run Build Command:/usr/bin/make "cmTryCompileExec3065867597/fast"
make[2]: Entering directory `/home/robotvision/code/patrollingrobot_kobe/lcm2ros/pod-build/CMakeFiles/CMakeTmp'
/usr/bin/make -f CMakeFiles/cmTryCompileExec3065867597.dir/build.make CMakeFiles/cmTryCompileExec3065867597.dir/build
make[3]: Entering directory `/home/robotvision/code/patrollingrobot_kobe/lcm2ros/pod-build/CMakeFiles/CMakeTmp'
/usr/bin/cmake -E cmake_progress_report /home/robotvision/code/patrollingrobot_kobe/lcm2ros/pod-build/CMakeFiles/CMakeTmp/CMakeFiles 1
Building C object CMakeFiles/cmTryCompileExec3065867597.dir/CheckFunctionExists.c.o
/usr/bin/cc   -DCHECK_FUNCTION_EXISTS=pthread_create   -o CMakeFiles/cmTryCompileExec3065867597.dir/CheckFunctionExists.c.o   -c /usr/share/cmake-2.8/Modules/CheckFunctionExists.c
Linking C executable cmTryCompileExec3065867597
/usr/bin/cmake -E cmake_link_script CMakeFiles/cmTryCompileExec3065867597.dir/link.txt --verbose=1
/usr/bin/cc   -DCHECK_FUNCTION_EXISTS=pthread_create    CMakeFiles/cmTryCompileExec3065867597.dir/CheckFunctionExists.c.o  -o cmTryCompileExec3065867597 -rdynamic -lpthreads 
/usr/bin/ld: cannot find -lpthreads
collect2: error: ld returned 1 exit status
make[3]: Leaving directory `/home/robotvision/code/patrollingrobot_kobe/lcm2ros/pod-build/CMakeFiles/CMakeTmp'
make[3]: *** [cmTryCompileExec3065867597] Error 1
make[2]: *** [cmTryCompileExec3065867597/fast] Error 2
make[2]: Leaving directory `/home/robotvision/code/patrollingrobot_kobe/lcm2ros/pod-build/CMakeFiles/CMakeTmp'


